<?xml version="1.0" encoding="UTF-8"?>
<testsuite name="RetanguloTest" tests="1" skipped="0" failures="0" errors="0" timestamp="2020-02-03T18:24:56" hostname="S2IT-UOL-0057" time="0.021">
  <properties/>
  <testcase name="testCalcularPerimetro()" classname="RetanguloTest" time="0.021"/>
  <system-out><![CDATA[]]></system-out>
  <system-err><![CDATA[]]></system-err>
</testsuite>
